#
# There is insufficient memory for the Java Runtime Environment to continue.
# Native memory allocation (malloc) failed to allocate 589472 bytes for Chunk::new
# Possible reasons:
#   The system is out of physical RAM or swap space
#   The process is running with CompressedOops enabled, and the Java Heap may be blocking the growth of the native heap
# Possible solutions:
#   Reduce memory load on the system
#   Increase physical memory or swap space
#   Check if swap backing store is full
#   Decrease Java heap size (-Xmx/-Xms)
#   Decrease number of Java threads
#   Decrease Java thread stack sizes (-Xss)
#   Set larger code cache with -XX:ReservedCodeCacheSize=
#   JVM is running with Unscaled Compressed Oops mode in which the Java heap is
#     placed in the first 4GB address space. The Java Heap base address is the
#     maximum limit for the native heap growth. Please use -XX:HeapBaseMinAddress
#     to set the Java Heap base and to place the Java Heap above 4GB virtual address.
# This output file may be truncated or incomplete.
#
#  Out of Memory Error (allocation.cpp:389), pid=12332, tid=0x0000000000002e50
#
# JRE version: OpenJDK Runtime Environment (8.0_202-b03) (build 1.8.0_202-release-1483-b03)
# Java VM: OpenJDK 64-Bit Server VM (25.202-b03 mixed mode windows-amd64 compressed oops)
# Failed to write core dump. Minidumps are not enabled by default on client versions of Windows
#

---------------  T H R E A D  ---------------

Current thread (0x00000000165c8800):  JavaThread "C2 CompilerThread0" daemon [_thread_in_native, id=11856, stack(0x0000000018ba0000,0x0000000018ca0000)]

Stack: [0x0000000018ba0000,0x0000000018ca0000]
[error occurred during error reporting (printing stack bounds), id 0xc0000005]

Native frames: (J=compiled Java code, j=interpreted, Vv=VM code, C=native code)


Current CompileTask:
C2:  13547 2262       4       groovy.lang.MetaClassImpl$1MOPIter::methodNameAction (325 bytes)


---------------  P R O C E S S  ---------------

Java Threads: ( => current thread )
  0x00000000203f9000 JavaThread "Cache worker for execution history cache (C:\Users\缁\.gradle\caches\5.1.1\executionHistory)" [_thread_blocked, id=9488, stack(0x0000000020a20000,0x0000000020b20000)]
  0x0000000019a19000 JavaThread "Cache worker for cache directory md-rule (C:\Users\缁\.gradle\caches\5.1.1\md-rule)" [_thread_blocked, id=8868, stack(0x000000001f460000,0x000000001f560000)]
  0x0000000019a18800 JavaThread "Cache worker for cache directory md-supplier (C:\Users\缁\.gradle\caches\5.1.1\md-supplier)" [_thread_blocked, id=9936, stack(0x000000001dd40000,0x000000001de40000)]
  0x0000000019a1b800 JavaThread "Cache worker for file hash cache (D:\Android-Work\power\.gradle\5.1.1\fileHashes)" [_thread_blocked, id=15624, stack(0x000000001cbf0000,0x000000001ccf0000)]
  0x0000000019a1a800 JavaThread "Cache worker for journal cache (C:\Users\缁\.gradle\caches\journal-1)" [_thread_blocked, id=15852, stack(0x000000001b920000,0x000000001ba20000)]
  0x0000000019a1d800 JavaThread "File lock request listener" [_thread_in_native, id=9012, stack(0x000000001b820000,0x000000001b920000)]
  0x0000000019f81800 JavaThread "Cache worker for file hash cache (C:\Users\缁\.gradle\caches\5.1.1\fileHashes)" [_thread_blocked, id=13388, stack(0x000000001b720000,0x000000001b820000)]
  0x00000000186af800 JavaThread "Thread-8" [_thread_blocked, id=3484, stack(0x000000001b620000,0x000000001b720000)]
  0x00000000186ac800 JavaThread "Stdin handler" [_thread_blocked, id=16124, stack(0x000000001b520000,0x000000001b620000)]
  0x00000000186ac000 JavaThread "Asynchronous log dispatcher for DefaultDaemonConnection: socket connection from /127.0.0.1:58570 to /127.0.0.1:58571" [_thread_blocked, id=1084, stack(0x000000001b420000,0x000000001b520000)]
  0x00000000186b4000 JavaThread "Daemon worker" [_thread_in_Java, id=11508, stack(0x000000001b320000,0x000000001b420000)]
  0x0000000019a88800 JavaThread "Cancel handler" [_thread_blocked, id=17016, stack(0x000000001b220000,0x000000001b320000)]
  0x0000000018517800 JavaThread "Handler for socket connection from /127.0.0.1:58570 to /127.0.0.1:58571" [_thread_in_native, id=2852, stack(0x000000001af20000,0x000000001b020000)]
  0x0000000018515000 JavaThread "Daemon" [_thread_blocked, id=14624, stack(0x000000001ae20000,0x000000001af20000)]
  0x0000000019315800 JavaThread "Daemon periodic checks" [_thread_blocked, id=3912, stack(0x000000001ad20000,0x000000001ae20000)]
  0x000000001a44b000 JavaThread "Incoming local TCP Connector on port 58570" [_thread_in_native, id=16076, stack(0x000000001ab70000,0x000000001ac70000)]
  0x00000000184ab800 JavaThread "Service Thread" daemon [_thread_blocked, id=16544, stack(0x0000000018fa0000,0x00000000190a0000)]
  0x0000000018437800 JavaThread "C1 CompilerThread3" daemon [_thread_blocked, id=5636, stack(0x0000000018ea0000,0x0000000018fa0000)]
  0x00000000165ce000 JavaThread "C2 CompilerThread2" daemon [_thread_blocked, id=16764, stack(0x0000000018da0000,0x0000000018ea0000)]
  0x00000000165cb800 JavaThread "C2 CompilerThread1" daemon [_thread_blocked, id=10400, stack(0x0000000018ca0000,0x0000000018da0000)]
=>0x00000000165c8800 JavaThread "C2 CompilerThread0" daemon [_thread_in_native, id=11856, stack(0x0000000018ba0000,0x0000000018ca0000)]
  0x00000000183dc800 JavaThread "Attach Listener" daemon [_thread_blocked, id=18992, stack(0x0000000018aa0000,0x0000000018ba0000)]
  0x0000000018430000 JavaThread "Signal Dispatcher" daemon [_thread_blocked, id=1792, stack(0x00000000189a0000,0x0000000018aa0000)]
  0x00000000183c0800 JavaThread "Finalizer" daemon [_thread_blocked, id=17044, stack(0x00000000188a0000,0x00000000189a0000)]
  0x00000000165bc800 JavaThread "Reference Handler" daemon [_thread_blocked, id=18944, stack(0x00000000187a0000,0x00000000188a0000)]
  0x000000000239d800 JavaThread "main" [_thread_blocked, id=18716, stack(0x0000000002220000,0x0000000002320000)]

Other Threads:
  0x00000000165b8000 VMThread [stack: 0x00000000182a0000,0x00000000183a0000] [id=6828]
  0x00000000184ad000 WatcherThread [stack: 0x00000000190a0000,0x00000000191a0000] [id=14768]

VM state:not at safepoint (normal execution)

VM Mutex/Monitor currently owned by a thread: None

heap address: 0x00000000a0000000, size: 1536 MB, Compressed Oops mode: 32-bit
Narrow klass base: 0x0000000000000000, Narrow klass shift: 3
Compressed class space size: 1073741824 Address: 0x0000000100000000

Heap:
 PSYoungGen      total 77312K, used 45885K [0x00000000e0000000, 0x00000000e8780000, 0x0000000100000000)
  eden space 66560K, 57% used [0x00000000e0000000,0x00000000e2538458,0x00000000e4100000)
  from space 10752K, 72% used [0x00000000e4100000,0x00000000e4896fe0,0x00000000e4b80000)
  to   space 10752K, 0% used [0x00000000e7d00000,0x00000000e7d00000,0x00000000e8780000)
 ParOldGen       total 53248K, used 7618K [0x00000000a0000000, 0x00000000a3400000, 0x00000000e0000000)
  object space 53248K, 14% used [0x00000000a0000000,0x00000000a0770a08,0x00000000a3400000)
 Metaspace       used 30241K, capacity 30756K, committed 31232K, reserved 1077248K
  class space    used 4128K, capacity 4279K, committed 4352K, reserved 1048576K

Card table byte_map: [0x0000000011bc0000,0x0000000011ed0000] byte_map_base: 0x00000000116c0000

Marking Bits: (ParMarkBitMap*) 0x0000000067a49f30
 Begin Bits: [0x00000000128d0000, 0x00000000140d0000)
 End Bits:   [0x00000000140d0000, 0x00000000158d0000)

Polling page: 0x00000000004e0000

CodeCache: size=245760Kb used=8494Kb max_used=8644Kb free=237265Kb
 bounds [0x0000000002800000, 0x0000000003080000, 0x0000000011800000]
 total_blobs=2848 nmethods=2177 adapters=584
 compilation: enabled

Compilation events (10 events):
Event: 13.431 Thread 0x0000000018437800 2342       3       org.objectweb.asm.FieldWriter::<init> (69 bytes)
Event: 13.432 Thread 0x0000000018437800 nmethod 2342 0x000000000295e590 code [0x000000000295e740, 0x000000000295ed08]
Event: 13.432 Thread 0x0000000018437800 2343       3       org.objectweb.asm.FieldVisitor::<init> (7 bytes)
Event: 13.432 Thread 0x0000000018437800 nmethod 2343 0x000000000292b6d0 code [0x000000000292b840, 0x000000000292b9c8]
Event: 13.489 Thread 0x0000000018437800 2344       3       org.objectweb.asm.FieldWriter::computeFieldInfoSize (201 bytes)
Event: 13.490 Thread 0x0000000018437800 nmethod 2344 0x00000000029af990 code [0x00000000029afba0, 0x00000000029b0768]
Event: 13.490 Thread 0x0000000018437800 2345       3       org.objectweb.asm.FieldWriter::putFieldInfo (418 bytes)
Event: 13.492 Thread 0x0000000018437800 nmethod 2345 0x0000000002ae2bd0 code [0x0000000002ae2f40, 0x0000000002ae4618]
Event: 13.492 Thread 0x0000000018437800 2346       3       org.gradle.internal.reflect.ReflectionCache$WeaklyClassReferencingCache::fetchNext (35 bytes)
Event: 13.492 Thread 0x0000000018437800 nmethod 2346 0x000000000296a990 code [0x000000000296ab80, 0x000000000296b348]

GC Heap History (10 events):
Event: 7.026 GC heap before
{Heap before GC invocations=4 (full 0):
 PSYoungGen      total 38400K, used 38368K [0x00000000e0000000, 0x00000000e2a80000, 0x0000000100000000)
  eden space 33280K, 100% used [0x00000000e0000000,0x00000000e2080000,0x00000000e2080000)
  from space 5120K, 99% used [0x00000000e2080000,0x00000000e25782c8,0x00000000e2580000)
  to   space 5120K, 0% used [0x00000000e2580000,0x00000000e2580000,0x00000000e2a80000)
 ParOldGen       total 87552K, used 2313K [0x00000000a0000000, 0x00000000a5580000, 0x00000000e0000000)
  object space 87552K, 2% used [0x00000000a0000000,0x00000000a0242418,0x00000000a5580000)
 Metaspace       used 16214K, capacity 16608K, committed 16896K, reserved 1062912K
  class space    used 2317K, capacity 2482K, committed 2560K, reserved 1048576K
Event: 7.048 GC heap after
Heap after GC invocations=4 (full 0):
 PSYoungGen      total 38400K, used 5111K [0x00000000e0000000, 0x00000000e4b00000, 0x0000000100000000)
  eden space 33280K, 0% used [0x00000000e0000000,0x00000000e0000000,0x00000000e2080000)
  from space 5120K, 99% used [0x00000000e2580000,0x00000000e2a7dda8,0x00000000e2a80000)
  to   space 5120K, 0% used [0x00000000e2080000,0x00000000e2080000,0x00000000e2580000)
 ParOldGen       total 87552K, used 5774K [0x00000000a0000000, 0x00000000a5580000, 0x00000000e0000000)
  object space 87552K, 6% used [0x00000000a0000000,0x00000000a05a3b60,0x00000000a5580000)
 Metaspace       used 16214K, capacity 16608K, committed 16896K, reserved 1062912K
  class space    used 2317K, capacity 2482K, committed 2560K, reserved 1048576K
}
Event: 8.746 GC heap before
{Heap before GC invocations=5 (full 0):
 PSYoungGen      total 38400K, used 38391K [0x00000000e0000000, 0x00000000e4b00000, 0x0000000100000000)
  eden space 33280K, 100% used [0x00000000e0000000,0x00000000e2080000,0x00000000e2080000)
  from space 5120K, 99% used [0x00000000e2580000,0x00000000e2a7dda8,0x00000000e2a80000)
  to   space 5120K, 0% used [0x00000000e2080000,0x00000000e2080000,0x00000000e2580000)
 ParOldGen       total 87552K, used 5774K [0x00000000a0000000, 0x00000000a5580000, 0x00000000e0000000)
  object space 87552K, 6% used [0x00000000a0000000,0x00000000a05a3b60,0x00000000a5580000)
 Metaspace       used 19909K, capacity 20332K, committed 20736K, reserved 1067008K
  class space    used 2804K, capacity 2970K, committed 3072K, reserved 1048576K
Event: 8.767 GC heap after
Heap after GC invocations=5 (full 0):
 PSYoungGen      total 38400K, used 5112K [0x00000000e0000000, 0x00000000e5600000, 0x0000000100000000)
  eden space 33280K, 0% used [0x00000000e0000000,0x00000000e0000000,0x00000000e2080000)
  from space 5120K, 99% used [0x00000000e2080000,0x00000000e257e040,0x00000000e2580000)
  to   space 10752K, 0% used [0x00000000e4b80000,0x00000000e4b80000,0x00000000e5600000)
 ParOldGen       total 87552K, used 9763K [0x00000000a0000000, 0x00000000a5580000, 0x00000000e0000000)
  object space 87552K, 11% used [0x00000000a0000000,0x00000000a0988d60,0x00000000a5580000)
 Metaspace       used 19909K, capacity 20332K, committed 20736K, reserved 1067008K
  class space    used 2804K, capacity 2970K, committed 3072K, reserved 1048576K
}
Event: 8.951 GC heap before
{Heap before GC invocations=6 (full 0):
 PSYoungGen      total 38400K, used 9124K [0x00000000e0000000, 0x00000000e5600000, 0x0000000100000000)
  eden space 33280K, 12% used [0x00000000e0000000,0x00000000e03eafc8,0x00000000e2080000)
  from space 5120K, 99% used [0x00000000e2080000,0x00000000e257e040,0x00000000e2580000)
  to   space 10752K, 0% used [0x00000000e4b80000,0x00000000e4b80000,0x00000000e5600000)
 ParOldGen       total 87552K, used 9763K [0x00000000a0000000, 0x00000000a5580000, 0x00000000e0000000)
  object space 87552K, 11% used [0x00000000a0000000,0x00000000a0988d60,0x00000000a5580000)
 Metaspace       used 20690K, capacity 21068K, committed 21248K, reserved 1067008K
  class space    used 2857K, capacity 3002K, committed 3072K, reserved 1048576K
Event: 8.984 GC heap after
Heap after GC invocations=6 (full 0):
 PSYoungGen      total 77312K, used 5773K [0x00000000e0000000, 0x00000000e5600000, 0x0000000100000000)
  eden space 66560K, 0% used [0x00000000e0000000,0x00000000e0000000,0x00000000e4100000)
  from space 10752K, 53% used [0x00000000e4b80000,0x00000000e51237a8,0x00000000e5600000)
  to   space 10752K, 0% used [0x00000000e4100000,0x00000000e4100000,0x00000000e4b80000)
 ParOldGen       total 87552K, used 9771K [0x00000000a0000000, 0x00000000a5580000, 0x00000000e0000000)
  object space 87552K, 11% used [0x00000000a0000000,0x00000000a098ad60,0x00000000a5580000)
 Metaspace       used 20690K, capacity 21068K, committed 21248K, reserved 1067008K
  class space    used 2857K, capacity 3002K, committed 3072K, reserved 1048576K
}
Event: 8.984 GC heap before
{Heap before GC invocations=7 (full 1):
 PSYoungGen      total 77312K, used 5773K [0x00000000e0000000, 0x00000000e5600000, 0x0000000100000000)
  eden space 66560K, 0% used [0x00000000e0000000,0x00000000e0000000,0x00000000e4100000)
  from space 10752K, 53% used [0x00000000e4b80000,0x00000000e51237a8,0x00000000e5600000)
  to   space 10752K, 0% used [0x00000000e4100000,0x00000000e4100000,0x00000000e4b80000)
 ParOldGen       total 87552K, used 9771K [0x00000000a0000000, 0x00000000a5580000, 0x00000000e0000000)
  object space 87552K, 11% used [0x00000000a0000000,0x00000000a098ad60,0x00000000a5580000)
 Metaspace       used 20690K, capacity 21068K, committed 21248K, reserved 1067008K
  class space    used 2857K, capacity 3002K, committed 3072K, reserved 1048576K
Event: 9.086 GC heap after
Heap after GC invocations=7 (full 1):
 PSYoungGen      total 77312K, used 0K [0x00000000e0000000, 0x00000000e5600000, 0x0000000100000000)
  eden space 66560K, 0% used [0x00000000e0000000,0x00000000e0000000,0x00000000e4100000)
  from space 10752K, 0% used [0x00000000e4b80000,0x00000000e4b80000,0x00000000e5600000)
  to   space 10752K, 0% used [0x00000000e4100000,0x00000000e4100000,0x00000000e4b80000)
 ParOldGen       total 53248K, used 7610K [0x00000000a0000000, 0x00000000a3400000, 0x00000000e0000000)
  object space 53248K, 14% used [0x00000000a0000000,0x00000000a076ea08,0x00000000a3400000)
 Metaspace       used 20690K, capacity 21068K, committed 21248K, reserved 1067008K
  class space    used 2857K, capacity 3002K, committed 3072K, reserved 1048576K
}
Event: 12.479 GC heap before
{Heap before GC invocations=8 (full 1):
 PSYoungGen      total 77312K, used 66560K [0x00000000e0000000, 0x00000000e5600000, 0x0000000100000000)
  eden space 66560K, 100% used [0x00000000e0000000,0x00000000e4100000,0x00000000e4100000)
  from space 10752K, 0% used [0x00000000e4b80000,0x00000000e4b80000,0x00000000e5600000)
  to   space 10752K, 0% used [0x00000000e4100000,0x00000000e4100000,0x00000000e4b80000)
 ParOldGen       total 53248K, used 7610K [0x00000000a0000000, 0x00000000a3400000, 0x00000000e0000000)
  object space 53248K, 14% used [0x00000000a0000000,0x00000000a076ea08,0x00000000a3400000)
 Metaspace       used 28474K, capacity 28940K, committed 29312K, reserved 1075200K
  class space    used 3815K, capacity 3953K, committed 3968K, reserved 1048576K
Event: 12.494 GC heap after
Heap after GC invocations=8 (full 1):
 PSYoungGen      total 77312K, used 7771K [0x00000000e0000000, 0x00000000e8780000, 0x0000000100000000)
  eden space 66560K, 0% used [0x00000000e0000000,0x00000000e0000000,0x00000000e4100000)
  from space 10752K, 72% used [0x00000000e4100000,0x00000000e4896fe0,0x00000000e4b80000)
  to   space 10752K, 0% used [0x00000000e7d00000,0x00000000e7d00000,0x00000000e8780000)
 ParOldGen       total 53248K, used 7618K [0x00000000a0000000, 0x00000000a3400000, 0x00000000e0000000)
  object space 53248K, 14% used [0x00000000a0000000,0x00000000a0770a08,0x00000000a3400000)
 Metaspace       used 28474K, capacity 28940K, committed 29312K, reserved 1075200K
  class space    used 3815K, capacity 3953K, committed 3968K, reserved 1048576K
}

Deoptimization events (10 events):
Event: 11.024 Thread 0x00000000186b4000 Uncommon trap: reason=unstable_if action=reinterpret pc=0x0000000002ca07e8 method=java.util.HashMap.hash(Ljava/lang/Object;)I @ 1
Event: 11.025 Thread 0x00000000186b4000 Uncommon trap: reason=unstable_if action=reinterpret pc=0x0000000002dd7968 method=java.util.HashMap.hash(Ljava/lang/Object;)I @ 1
Event: 11.649 Thread 0x00000000186b4000 Uncommon trap: reason=unstable_if action=reinterpret pc=0x0000000002a87540 method=java.util.HashMap.getNode(ILjava/lang/Object;)Ljava/util/HashMap$Node; @ 53
Event: 11.650 Thread 0x00000000186b4000 Uncommon trap: reason=unstable_if action=reinterpret pc=0x0000000002c76ad4 method=java.util.HashMap.hash(Ljava/lang/Object;)I @ 1
Event: 11.650 Thread 0x00000000186b4000 Uncommon trap: reason=unstable_if action=reinterpret pc=0x0000000002c6979c method=java.util.HashMap.putVal(ILjava/lang/Object;Ljava/lang/Object;ZZ)Ljava/lang/Object; @ 85
Event: 11.764 Thread 0x00000000186b4000 Uncommon trap: reason=unstable_if action=reinterpret pc=0x0000000002ad4b70 method=java.util.LinkedHashMap.afterNodeInsertion(Z)V @ 1
Event: 12.313 Thread 0x00000000186b4000 Uncommon trap: reason=class_check action=maybe_recompile pc=0x0000000002dfcb70 method=sun.misc.URLClassPath.getLoader(I)Lsun/misc/URLClassPath$Loader; @ 94
Event: 12.327 Thread 0x00000000186b4000 Uncommon trap: reason=class_check action=maybe_recompile pc=0x0000000002df4700 method=sun.misc.URLClassPath.getLoader(I)Lsun/misc/URLClassPath$Loader; @ 239
Event: 12.542 Thread 0x00000000186b4000 Uncommon trap: reason=unstable_if action=reinterpret pc=0x0000000002aa990c method=java.io.WinNTFileSystem.resolve(Ljava/lang/String;Ljava/lang/String;)Ljava/lang/String; @ 49
Event: 12.647 Thread 0x00000000186b4000 Uncommon trap: reason=unstable_if action=reinterpret pc=0x000000000293f8f4 method=org.codehaus.groovy.runtime.metaclass.MetaMethodIndex.addMethodToList(Ljava/lang/Object;Lgroovy/lang/MetaMethod;)Ljava/lang/Object; @ 226

Classes redefined (0 events):
No events

Internal exceptions (10 events):
Event: 12.679 Thread 0x00000000186b4000 Exception <a 'java/lang/ClassNotFoundException': org/gradle/api/internal/DefaultNamedDomainObjectCollectionBeanInfo> (0x00000000e0a9ead8) thrown at [D:\src\AOSP-openjdk-cygwin\jdk8u\hotspot\src\share\vm\classfile\systemDictionary.cpp, line 210]
Event: 12.680 Thread 0x00000000186b4000 Exception <a 'java/lang/ClassNotFoundException': org/gradle/api/internal/DefaultDomainObjectCollectionBeanInfo> (0x00000000e0acf460) thrown at [D:\src\AOSP-openjdk-cygwin\jdk8u\hotspot\src\share\vm\classfile\systemDictionary.cpp, line 210]
Event: 12.681 Thread 0x00000000186b4000 Exception <a 'java/lang/ClassNotFoundException': java/util/AbstractCollectionBeanInfo> (0x00000000e0ad3a48) thrown at [D:\src\AOSP-openjdk-cygwin\jdk8u\hotspot\src\share\vm\classfile\systemDictionary.cpp, line 210]
Event: 12.681 Thread 0x00000000186b4000 Exception <a 'java/lang/ClassNotFoundException': java/util/AbstractCollectionCustomizer> (0x00000000e0ad7fc8) thrown at [D:\src\AOSP-openjdk-cygwin\jdk8u\hotspot\src\share\vm\classfile\systemDictionary.cpp, line 210]
Event: 12.683 Thread 0x00000000186b4000 Exception <a 'java/lang/ClassNotFoundException': org/gradle/api/internal/DefaultDomainObjectCollectionCustomizer> (0x00000000e0b15200) thrown at [D:\src\AOSP-openjdk-cygwin\jdk8u\hotspot\src\share\vm\classfile\systemDictionary.cpp, line 210]
Event: 12.688 Thread 0x00000000186b4000 Exception <a 'java/lang/ClassNotFoundException': org/gradle/api/internal/DefaultNamedDomainObjectCollectionCustomizer> (0x00000000e0b71990) thrown at [D:\src\AOSP-openjdk-cygwin\jdk8u\hotspot\src\share\vm\classfile\systemDictionary.cpp, line 210]
Event: 12.694 Thread 0x00000000186b4000 Exception <a 'java/lang/ClassNotFoundException': org/gradle/api/internal/DefaultNamedDomainObjectListCustomizer> (0x00000000e0be6920) thrown at [D:\src\AOSP-openjdk-cygwin\jdk8u\hotspot\src\share\vm\classfile\systemDictionary.cpp, line 210]
Event: 12.698 Thread 0x00000000186b4000 Exception <a 'java/lang/ClassNotFoundException': org/gradle/api/internal/artifacts/DefaultArtifactRepositoryContainerCustomizer> (0x00000000e0c59098) thrown at [D:\src\AOSP-openjdk-cygwin\jdk8u\hotspot\src\share\vm\classfile\systemDictionary.cpp, line 210
Event: 12.701 Thread 0x00000000186b4000 Exception <a 'java/lang/ClassNotFoundException': org/gradle/api/internal/artifacts/dsl/DefaultRepositoryHandlerCustomizer> (0x00000000e0cbdf40) thrown at [D:\src\AOSP-openjdk-cygwin\jdk8u\hotspot\src\share\vm\classfile\systemDictionary.cpp, line 210]
Event: 12.711 Thread 0x00000000186b4000 Exception <a 'java/lang/ClassNotFoundException': org/gradle/api/internal/artifacts/dsl/DefaultRepositoryHandler_DecoratedCustomizer> (0x00000000e0d2b8e8) thrown at [D:\src\AOSP-openjdk-cygwin\jdk8u\hotspot\src\share\vm\classfile\systemDictionary.cpp, line

Events (10 events):
Event: 13.528 loading class org/gradle/api/internal/artifacts/dsl/PublishArtifactNotationParserFactory$FileMapNotationConverter
Event: 13.528 loading class org/gradle/api/internal/artifacts/dsl/PublishArtifactNotationParserFactory$FileMapNotationConverter done
Event: 13.530 loading class org/gradle/api/internal/artifacts/dsl/CapabilityNotationParserFactory
Event: 13.530 loading class org/gradle/api/internal/artifacts/dsl/CapabilityNotationParserFactory done
Event: 13.531 loading class org/gradle/api/capabilities/Capability
Event: 13.531 loading class org/gradle/api/capabilities/Capability done
Event: 13.531 loading class org/gradle/api/internal/artifacts/dsl/CapabilityNotationParserFactory$StringNotationParser
Event: 13.531 loading class org/gradle/api/internal/artifacts/dsl/CapabilityNotationParserFactory$StringNotationParser done
Event: 13.532 loading class org/gradle/api/internal/artifacts/dsl/CapabilityNotationParserFactory$CapabilityMapNotationParser
Event: 13.532 loading class org/gradle/api/internal/artifacts/dsl/CapabilityNotationParserFactory$CapabilityMapNotationParser done


Dynamic libraries:
0x00007ff77ecc0000 - 0x00007ff77ecf1000 	D:\Android studio\jre\bin\java.exe
0x00007ffef2820000 - 0x00007ffef2a10000 	C:\WINDOWS\SYSTEM32\ntdll.dll
0x00007ffef2590000 - 0x00007ffef2642000 	C:\WINDOWS\System32\KERNEL32.DLL
0x00007ffeefa40000 - 0x00007ffeefce3000 	C:\WINDOWS\System32\KERNELBASE.dll
0x00007ffef2730000 - 0x00007ffef27d3000 	C:\WINDOWS\System32\ADVAPI32.dll
0x00007ffef23b0000 - 0x00007ffef244e000 	C:\WINDOWS\System32\msvcrt.dll
0x00007ffef1f80000 - 0x00007ffef2017000 	C:\WINDOWS\System32\sechost.dll
0x00007ffef19f0000 - 0x00007ffef1b10000 	C:\WINDOWS\System32\RPCRT4.dll
0x00007ffef2020000 - 0x00007ffef21b4000 	C:\WINDOWS\System32\USER32.dll
0x00007ffef08a0000 - 0x00007ffef08c1000 	C:\WINDOWS\System32\win32u.dll
0x00007ffef1140000 - 0x00007ffef1166000 	C:\WINDOWS\System32\GDI32.dll
0x00007ffeef8a0000 - 0x00007ffeefa34000 	C:\WINDOWS\System32\gdi32full.dll
0x00007ffeef7b0000 - 0x00007ffeef84e000 	C:\WINDOWS\System32\msvcp_win.dll
0x00007ffeefcf0000 - 0x00007ffeefdea000 	C:\WINDOWS\System32\ucrtbase.dll
0x00007ffee2880000 - 0x00007ffee2b05000 	C:\WINDOWS\WinSxS\amd64_microsoft.windows.common-controls_6595b64144ccf1df_6.0.18362.535_none_e6c3b34713100821\COMCTL32.dll
0x00007ffef1b10000 - 0x00007ffef1e46000 	C:\WINDOWS\System32\combase.dll
0x00007ffef07a0000 - 0x00007ffef0820000 	C:\WINDOWS\System32\bcryptPrimitives.dll
0x00007ffef1ec0000 - 0x00007ffef1eee000 	C:\WINDOWS\System32\IMM32.DLL
0x00000000690e0000 - 0x00000000691b2000 	D:\Android studio\jre\jre\bin\msvcr100.dll
0x0000000067280000 - 0x0000000067ac6000 	D:\Android studio\jre\jre\bin\server\jvm.dll
0x00007ffef1f70000 - 0x00007ffef1f78000 	C:\WINDOWS\System32\PSAPI.DLL
0x00007ffeed4f0000 - 0x00007ffeed514000 	C:\WINDOWS\SYSTEM32\WINMM.dll
0x00007ffeea3b0000 - 0x00007ffeea3b9000 	C:\WINDOWS\SYSTEM32\WSOCK32.dll
0x00007ffeed420000 - 0x00007ffeed44d000 	C:\WINDOWS\SYSTEM32\WINMMBASE.dll
0x00007ffee3810000 - 0x00007ffee381a000 	C:\WINDOWS\SYSTEM32\VERSION.dll
0x00007ffef1e50000 - 0x00007ffef1ebf000 	C:\WINDOWS\System32\WS2_32.dll
0x00007ffeef850000 - 0x00007ffeef89a000 	C:\WINDOWS\System32\cfgmgr32.dll
0x00007ffeebd40000 - 0x00007ffeebd4f000 	D:\Android studio\jre\jre\bin\verify.dll
0x00007ffecf420000 - 0x00007ffecf449000 	D:\Android studio\jre\jre\bin\java.dll
0x00007ffedc520000 - 0x00007ffedc536000 	D:\Android studio\jre\jre\bin\zip.dll
0x00007ffef0980000 - 0x00007ffef1065000 	C:\WINDOWS\System32\SHELL32.dll
0x00007ffef08d0000 - 0x00007ffef0979000 	C:\WINDOWS\System32\shcore.dll
0x00007ffeeff40000 - 0x00007ffef06bf000 	C:\WINDOWS\System32\windows.storage.dll
0x00007ffeef700000 - 0x00007ffeef71f000 	C:\WINDOWS\System32\profapi.dll
0x00007ffeef740000 - 0x00007ffeef78a000 	C:\WINDOWS\System32\powrprof.dll
0x00007ffeef6f0000 - 0x00007ffeef700000 	C:\WINDOWS\System32\UMPDC.dll
0x00007ffef2650000 - 0x00007ffef26a2000 	C:\WINDOWS\System32\shlwapi.dll
0x00007ffeef720000 - 0x00007ffeef731000 	C:\WINDOWS\System32\kernel.appcore.dll
0x00007ffef0880000 - 0x00007ffef0897000 	C:\WINDOWS\System32\cryptsp.dll
0x00007ffed1720000 - 0x00007ffed173a000 	D:\Android studio\jre\jre\bin\net.dll
0x00007ffeeef60000 - 0x00007ffeeefc7000 	C:\WINDOWS\system32\mswsock.dll
0x00007ffecea80000 - 0x00007ffecea91000 	D:\Android studio\jre\jre\bin\nio.dll
0x00007ffeebc50000 - 0x00007ffeebc6e000 	C:\Users\王维\.gradle\native\25\windows-amd64\native-platform.dll
0x00007ffee8b10000 - 0x00007ffee8b1d000 	D:\Android studio\jre\jre\bin\management.dll
0x00007ffeeead0000 - 0x00007ffeeeb03000 	C:\WINDOWS\system32\rsaenh.dll
0x00007ffef06c0000 - 0x00007ffef06e6000 	C:\WINDOWS\System32\bcrypt.dll
0x00007ffeef610000 - 0x00007ffeef635000 	C:\WINDOWS\SYSTEM32\USERENV.dll
0x00007ffeef130000 - 0x00007ffeef13c000 	C:\WINDOWS\SYSTEM32\CRYPTBASE.dll
0x00007ffeeec70000 - 0x00007ffeeecaa000 	C:\WINDOWS\SYSTEM32\IPHLPAPI.DLL
0x00007ffef2450000 - 0x00007ffef2458000 	C:\WINDOWS\System32\NSI.dll
0x00007ffee72e0000 - 0x00007ffee72f6000 	C:\WINDOWS\SYSTEM32\dhcpcsvc6.DLL
0x00007ffee79b0000 - 0x00007ffee79cc000 	C:\WINDOWS\SYSTEM32\dhcpcsvc.DLL
0x00007ffeeecb0000 - 0x00007ffeeed7a000 	C:\WINDOWS\SYSTEM32\DNSAPI.dll

VM Arguments:
jvm_args: -Xmx1536m -Dfile.encoding=GBK -Duser.country=CN -Duser.language=zh -Duser.variant 
java_command: org.gradle.launcher.daemon.bootstrap.GradleDaemon 5.1.1
java_class_path (initial): C:\Users\王维\.gradle\wrapper\dists\gradle-5.1.1-all\97z1ksx6lirer3kbvdnh7jtjg\gradle-5.1.1\lib\gradle-launcher-5.1.1.jar
Launcher Type: SUN_STANDARD

Environment Variables:
JAVA_HOME=C:\Program Files\Java\jdk1.8.0_121\
PATH=C:\ProgramData\Oracle\Java\javapath;D:\X-ftp\;D:\X-shell\;C:\WINDOWS\system32;C:\WINDOWS;C:\WINDOWS\System32\Wbem;C:\WINDOWS\System32\WindowsPowerShell\v1.0\;C:\WINDOWS\System32\OpenSSH\;C:\Program Files\Java\jdk1.8.0_121\\bin;C:\Program Files\Git\cmd;D:\Bluetooth Command Line Tools\bin;C:\Users\王维\AppData\Local\Microsoft\WindowsApps;
USERNAME=王维
OS=Windows_NT
PROCESSOR_IDENTIFIER=Intel64 Family 6 Model 158 Stepping 9, GenuineIntel



---------------  S Y S T E M  ---------------

OS: Windows 10.0 , 64 bit Build 18362 (10.0.18362.329)

CPU:total 8 (initial active 8) (4 cores per cpu, 2 threads per core) family 6 model 158 stepping 9, cmov, cx8, fxsr, mmx, sse, sse2, sse3, ssse3, sse4.1, sse4.2, popcnt, avx, avx2, aes, clmul, erms, 3dnowpref, lzcnt, ht, tsc, tscinvbit, bmi1, bmi2, adx

Memory: 4k page, physical 8260772k(1581432k free), swap 16125088k(3144k free)

vm_info: OpenJDK 64-Bit Server VM (25.202-b03) for windows-amd64 JRE (1.8.0_202-release-1483-b03), built by "builder" with MS VC++ 10.0 (VS2010)

time: Sat Dec 21 21:10:18 2019
timezone: 中国标准时间
elapsed time: 13 seconds (0d 0h 0m 13s)

